2019-07-06 18:25:10,964 - ERROR - client: initUI - Ошибка сохранения последнего логина/пароля в БД 
2019-07-06 18:25:12,096 - INFO - client: start_client - Запуск клиента 
2019-07-06 18:25:12,097 - INFO - client: create_socket - Попытка подключения к 127.0.0.1 7777 
2019-07-06 18:25:12,099 - INFO - client: create_socket - Попытка подключения №1 
2019-07-06 18:25:12,153 - INFO - client: create_socket - Авторизация успешна. Соединение установлено! 
2019-07-06 18:25:13,656 - ERROR - client: run - Reader: Сервер разорвал соединение или получен некорректный ответ! 
2019-07-06 18:35:16,086 - ERROR - client: initUI - Ошибка сохранения последнего логина/пароля в БД 
2019-07-06 18:35:36,548 - ERROR - client: initUI - Ошибка сохранения последнего логина/пароля в БД 
2019-07-06 18:36:16,236 - ERROR - client: initUI - Ошибка сохранения последнего логина/пароля в БД 
2019-07-06 18:39:58,323 - ERROR - client: initUI - Ошибка сохранения последнего логина/пароля в БД 
2019-07-06 18:40:05,033 - ERROR - client: initUI - Ошибка сохранения последнего логина/пароля в БД 
2019-07-06 18:40:06,746 - INFO - client: start_client - Запуск клиента 
2019-07-06 18:40:06,747 - INFO - client: create_socket - Попытка подключения к 127.0.0.1 7777 
2019-07-06 18:40:06,749 - INFO - client: create_socket - Попытка подключения №1 
2019-07-06 18:40:06,838 - INFO - client: create_socket - Авторизация успешна. Соединение установлено! 
2019-07-06 18:40:08,341 - ERROR - client: run - Reader: Сервер разорвал соединение или получен некорректный ответ! timed out 
2019-07-06 18:43:33,589 - ERROR - client: initUI - Ошибка сохранения последнего логина/пароля в БД 
2019-07-06 18:43:37,639 - INFO - client: start_client - Запуск клиента 
2019-07-06 18:43:41,634 - INFO - client: create_socket - Попытка подключения к 127.0.0.1 7777 
2019-07-06 18:43:43,269 - INFO - client: create_socket - Попытка подключения №1 
2019-07-06 18:43:43,366 - INFO - client: create_socket - Авторизация успешна. Соединение установлено! 
2019-07-06 18:45:14,748 - ERROR - client: run - Reader: Сервер разорвал соединение или получен некорректный ответ! timed out 
2019-07-06 22:27:30,023 - ERROR - client: initUI - Ошибка сохранения последнего логина/пароля в БД 
2019-07-06 22:27:31,449 - INFO - client: start_client - Запуск клиента 
2019-07-06 22:27:31,450 - INFO - client: create_socket - Попытка подключения к 127.0.0.1 7777 
2019-07-06 22:27:31,452 - INFO - client: create_socket - Попытка подключения №1 
2019-07-06 22:27:31,542 - INFO - client: create_socket - Авторизация успешна. Соединение установлено! 
2019-07-06 22:27:33,044 - ERROR - client: run - Reader: Сервер разорвал соединение или получен некорректный ответ! timed out 
2019-07-06 22:28:22,973 - ERROR - client: initUI - Ошибка сохранения последнего логина/пароля в БД 
2019-07-06 22:28:24,259 - INFO - client: start_client - Запуск клиента 
2019-07-06 22:28:24,260 - INFO - client: create_socket - Попытка подключения к 127.0.0.1 7777 
2019-07-06 22:28:24,261 - INFO - client: create_socket - Попытка подключения №1 
2019-07-06 22:28:24,352 - INFO - client: create_socket - Авторизация успешна. Соединение установлено! 
2019-07-06 22:29:31,238 - ERROR - client: initUI - Ошибка сохранения последнего логина/пароля в БД 
2019-07-06 22:29:32,531 - INFO - client: start_client - Запуск клиента 
2019-07-06 22:29:32,532 - INFO - client: create_socket - Попытка подключения к 127.0.0.1 7777 
2019-07-06 22:29:32,534 - INFO - client: create_socket - Попытка подключения №1 
2019-07-06 22:29:32,622 - INFO - client: create_socket - Авторизация успешна. Соединение установлено! 
2019-07-06 22:29:44,917 - ERROR - client: initUI - Ошибка сохранения последнего логина/пароля в БД 
2019-07-06 22:29:46,450 - INFO - client: start_client - Запуск клиента 
2019-07-06 22:29:48,484 - INFO - client: create_socket - Попытка подключения к 127.0.0.1 7777 
2019-07-06 22:29:50,057 - INFO - client: create_socket - Попытка подключения №1 
2019-07-06 22:29:50,152 - INFO - client: create_socket - Авторизация успешна. Соединение установлено! 
2019-07-06 22:30:27,129 - ERROR - client: initUI - Ошибка сохранения последнего логина/пароля в БД 
2019-07-06 22:30:28,616 - INFO - client: start_client - Запуск клиента 
2019-07-06 22:30:33,149 - INFO - client: create_socket - Попытка подключения к 127.0.0.1 7777 
2019-07-06 22:30:39,271 - INFO - client: create_socket - Попытка подключения №1 
2019-07-06 22:31:19,883 - INFO - client: create_socket - Авторизация успешна. Соединение установлено! 
2019-07-06 22:31:52,858 - ERROR - client: create_user_list - Main_window: Ошибка загрузки списка контактов из БД 
2019-07-06 22:35:28,057 - ERROR - client: initUI - Ошибка сохранения последнего логина/пароля в БД 
2019-07-06 22:35:29,762 - INFO - client: start_client - Запуск клиента 
2019-07-06 22:35:29,763 - INFO - client: create_socket - Попытка подключения к 127.0.0.1 7777 
2019-07-06 22:35:29,765 - INFO - client: create_socket - Попытка подключения №1 
2019-07-06 22:35:29,971 - INFO - client: create_socket - Авторизация успешна. Соединение установлено! 
2019-07-06 22:35:54,763 - ERROR - client: initUI - Ошибка сохранения последнего логина/пароля в БД 
2019-07-06 22:35:57,931 - INFO - client: start_client - Запуск клиента 
2019-07-06 22:36:00,881 - INFO - client: create_socket - Попытка подключения к 127.0.0.1 7777 
2019-07-06 22:36:02,281 - INFO - client: create_socket - Попытка подключения №1 
2019-07-06 22:36:02,407 - INFO - client: create_socket - Авторизация успешна. Соединение установлено! 
2019-07-06 22:36:11,772 - ERROR - client: create_user_list - Main_window: Ошибка загрузки списка контактов из БД 
2019-07-06 22:37:20,334 - ERROR - client: initUI - Ошибка сохранения последнего логина/пароля в БД 
2019-07-06 22:37:21,933 - INFO - client: start_client - Запуск клиента 
2019-07-06 22:37:21,934 - INFO - client: create_socket - Попытка подключения к 127.0.0.1 7777 
2019-07-06 22:37:21,935 - INFO - client: create_socket - Попытка подключения №1 
2019-07-06 22:37:22,050 - INFO - client: create_socket - Авторизация успешна. Соединение установлено! 
2019-07-06 22:37:32,463 - ERROR - client: initUI - Ошибка сохранения последнего логина/пароля в БД 
2019-07-06 22:37:33,785 - INFO - client: start_client - Запуск клиента 
2019-07-06 22:37:35,230 - INFO - client: create_socket - Попытка подключения к 127.0.0.1 7777 
2019-07-06 22:37:36,077 - INFO - client: create_socket - Попытка подключения №1 
2019-07-06 22:37:36,221 - INFO - client: create_socket - Авторизация успешна. Соединение установлено! 
2019-07-06 22:37:49,719 - ERROR - client: create_user_list - Main_window: Ошибка загрузки списка контактов из БД 
2019-07-06 22:40:16,631 - ERROR - client: initUI - Ошибка сохранения последнего логина/пароля в БД 
2019-07-06 22:40:17,828 - INFO - client: start_client - Запуск клиента 
2019-07-06 22:40:17,829 - INFO - client: create_socket - Попытка подключения к 127.0.0.1 7777 
2019-07-06 22:40:17,831 - INFO - client: create_socket - Попытка подключения №1 
2019-07-06 22:40:17,944 - INFO - client: create_socket - Авторизация успешна. Соединение установлено! 
2019-07-06 22:41:11,624 - ERROR - client: initUI - Ошибка сохранения последнего логина/пароля в БД 
2019-07-06 22:41:12,878 - INFO - client: start_client - Запуск клиента 
2019-07-06 22:41:12,879 - INFO - client: create_socket - Попытка подключения к 127.0.0.1 7777 
2019-07-06 22:41:12,880 - INFO - client: create_socket - Попытка подключения №1 
2019-07-06 22:41:12,998 - INFO - client: create_socket - Авторизация успешна. Соединение установлено! 
2019-07-06 22:43:09,879 - ERROR - client: initUI - Ошибка сохранения последнего логина/пароля в БД 
2019-07-06 22:43:11,180 - INFO - client: start_client - Запуск клиента 
2019-07-06 22:43:11,181 - INFO - client: create_socket - Попытка подключения к 127.0.0.1 7777 
2019-07-06 22:43:11,183 - INFO - client: create_socket - Попытка подключения №1 
2019-07-06 22:43:11,288 - INFO - client: create_socket - Авторизация успешна. Соединение установлено! 
2019-07-06 22:43:18,282 - INFO - client: set_contact_list - Попытка добавить самих себя или контакт уже есть/уже нет в списке 
2019-07-06 22:43:34,460 - INFO - client: set_contact_list - Попытка добавить самих себя или контакт уже есть/уже нет в списке 
2019-07-06 22:43:55,039 - INFO - client: set_contact_list - Список контактов изменен 
2019-07-06 22:43:55,039 - INFO - client: get_contact_list - Обновление списка контактов с сервера.. 
2019-07-06 22:43:55,314 - INFO - client: get_contact_list - Список контактов обновлен 
2019-07-06 22:44:49,372 - ERROR - client: initUI - Ошибка сохранения последнего логина/пароля в БД 
2019-07-06 22:44:51,537 - INFO - client: start_client - Запуск клиента 
2019-07-06 22:44:53,242 - INFO - client: create_socket - Попытка подключения к 127.0.0.1 7777 
2019-07-06 22:44:53,746 - INFO - client: create_socket - Попытка подключения №1 
2019-07-06 22:44:53,887 - INFO - client: create_socket - Авторизация успешна. Соединение установлено! 
2019-07-06 22:45:11,139 - INFO - client: set_contact_list - Список контактов изменен 
2019-07-06 22:45:11,143 - INFO - client: get_contact_list - Обновление списка контактов с сервера.. 
2019-07-06 22:45:52,447 - ERROR - client: initUI - Ошибка сохранения последнего логина/пароля в БД 
2019-07-06 22:46:19,578 - ERROR - client: initUI - Ошибка сохранения последнего логина/пароля в БД 
2019-07-06 22:46:22,041 - INFO - client: start_client - Запуск клиента 
2019-07-06 22:46:22,042 - INFO - client: create_socket - Попытка подключения к 127.0.0.1 7777 
2019-07-06 22:46:22,043 - INFO - client: create_socket - Попытка подключения №1 
2019-07-06 22:46:22,192 - INFO - client: create_socket - Авторизация успешна. Соединение установлено! 
2019-07-06 22:48:52,094 - ERROR - client: initUI - Ошибка сохранения последнего логина/пароля в БД 
2019-07-06 22:48:53,378 - INFO - client: start_client - Запуск клиента 
2019-07-06 22:48:53,379 - INFO - client: create_socket - Попытка подключения к 127.0.0.1 7777 
2019-07-06 22:48:53,381 - INFO - client: create_socket - Попытка подключения №1 
2019-07-06 22:48:53,510 - INFO - client: create_socket - Авторизация успешна. Соединение установлено! 
2019-07-06 22:49:08,235 - INFO - client: set_contact_list - Список контактов изменен 
2019-07-06 22:49:08,235 - INFO - client: get_contact_list - Обновление списка контактов с сервера.. 
2019-07-06 22:49:08,604 - INFO - client: get_contact_list - Список контактов обновлен 
2019-07-07 00:12:03,331 - ERROR - client: initUI - Ошибка сохранения последнего логина/пароля в БД 
2019-07-07 00:12:05,199 - INFO - client: start_client - Запуск клиента 
2019-07-07 00:12:05,200 - INFO - client: create_socket - Попытка подключения к 127.0.0.1 7777 
2019-07-07 00:12:05,202 - INFO - client: create_socket - Попытка подключения №1 
2019-07-07 00:12:05,344 - INFO - client: create_socket - Авторизация успешна. Соединение установлено! 
2019-07-07 00:12:13,802 - INFO - client: set_contact_list - Список контактов изменен 
2019-07-07 00:12:13,802 - INFO - client: get_contact_list - Обновление списка контактов с сервера.. 
2019-07-07 00:12:14,115 - INFO - client: get_contact_list - Список контактов обновлен 
2019-07-07 00:13:38,822 - INFO - client: set_contact_list - Список контактов изменен 
2019-07-07 00:13:38,822 - INFO - client: get_contact_list - Обновление списка контактов с сервера.. 
2019-07-07 00:13:39,173 - INFO - client: get_contact_list - Список контактов обновлен 
2019-07-07 00:13:47,489 - INFO - client: set_contact_list - Список контактов изменен 
2019-07-07 00:13:47,489 - INFO - client: get_contact_list - Обновление списка контактов с сервера.. 
2019-07-07 00:13:47,794 - INFO - client: get_contact_list - Список контактов обновлен 
2019-07-07 00:24:24,280 - ERROR - client: initUI - Ошибка сохранения последнего логина/пароля в БД 
2019-07-07 00:24:25,879 - INFO - client: start_client - Запуск клиента 
2019-07-07 00:24:25,880 - INFO - client: create_socket - Попытка подключения к 127.0.0.1 7777 
2019-07-07 00:24:25,883 - INFO - client: create_socket - Попытка подключения №1 
2019-07-07 00:24:26,013 - INFO - client: create_socket - Авторизация успешна. Соединение установлено! 
2019-07-07 00:29:06,621 - ERROR - client: initUI - Ошибка сохранения последнего логина/пароля в БД 
2019-07-07 00:29:08,194 - INFO - client: start_client - Запуск клиента 
2019-07-07 00:29:08,195 - INFO - client: create_socket - Попытка подключения к 127.0.0.1 7777 
2019-07-07 00:29:08,197 - INFO - client: create_socket - Попытка подключения №1 
2019-07-07 00:29:08,348 - INFO - client: create_socket - Авторизация успешна. Соединение установлено! 
2019-07-07 00:30:06,344 - ERROR - client: initUI - Ошибка сохранения последнего логина/пароля в БД 
2019-07-07 00:30:07,833 - INFO - client: start_client - Запуск клиента 
2019-07-07 00:30:07,834 - INFO - client: create_socket - Попытка подключения к 127.0.0.1 7777 
2019-07-07 00:30:07,836 - INFO - client: create_socket - Попытка подключения №1 
2019-07-07 00:30:07,986 - INFO - client: create_socket - Авторизация успешна. Соединение установлено! 
2019-07-07 00:30:54,560 - ERROR - client: initUI - Ошибка сохранения последнего логина/пароля в БД 
2019-07-07 00:30:58,774 - INFO - client: start_client - Запуск клиента 
2019-07-07 00:30:58,775 - INFO - client: create_socket - Попытка подключения к 127.0.0.1 7777 
2019-07-07 00:30:58,777 - INFO - client: create_socket - Попытка подключения №1 
2019-07-07 00:30:58,919 - INFO - client: create_socket - Авторизация успешна. Соединение установлено! 
2019-07-07 00:34:25,573 - ERROR - client: initUI - Ошибка сохранения последнего логина/пароля в БД 
2019-07-07 00:34:26,812 - INFO - client: start_client - Запуск клиента 
2019-07-07 00:34:26,813 - INFO - client: create_socket - Попытка подключения к 127.0.0.1 7777 
2019-07-07 00:34:26,815 - INFO - client: create_socket - Попытка подключения №1 
2019-07-07 00:34:26,966 - INFO - client: create_socket - Авторизация успешна. Соединение установлено! 
2019-07-07 00:36:04,244 - ERROR - client: initUI - Ошибка сохранения последнего логина/пароля в БД 
2019-07-07 00:36:05,554 - INFO - client: start_client - Запуск клиента 
2019-07-07 00:36:05,555 - INFO - client: create_socket - Попытка подключения к 127.0.0.1 7777 
2019-07-07 00:36:05,557 - INFO - client: create_socket - Попытка подключения №1 
2019-07-07 00:36:05,725 - INFO - client: create_socket - Авторизация успешна. Соединение установлено! 
2019-07-07 01:08:17,224 - ERROR - client: initUI - Ошибка сохранения последнего логина/пароля в БД 
2019-07-07 01:08:18,820 - INFO - client: start_client - Запуск клиента 
2019-07-07 01:08:18,821 - INFO - client: create_socket - Попытка подключения к 127.0.0.1 7777 
2019-07-07 01:08:18,823 - INFO - client: create_socket - Попытка подключения №1 
2019-07-07 01:08:19,097 - INFO - client: create_socket - Авторизация успешна. Соединение установлено! 
2019-07-07 01:08:44,313 - ERROR - client: initUI - Ошибка сохранения последнего логина/пароля в БД 
2019-07-07 01:08:45,849 - INFO - client: start_client - Запуск клиента 
2019-07-07 01:08:45,850 - INFO - client: create_socket - Попытка подключения к 127.0.0.1 7777 
2019-07-07 01:08:45,852 - INFO - client: create_socket - Попытка подключения №1 
2019-07-07 01:08:46,014 - INFO - client: create_socket - Авторизация успешна. Соединение установлено! 
2019-07-07 01:10:51,559 - ERROR - client: initUI - Ошибка сохранения последнего логина/пароля в БД 
2019-07-07 01:10:52,949 - INFO - client: start_client - Запуск клиента 
2019-07-07 01:10:52,950 - INFO - client: create_socket - Попытка подключения к 127.0.0.1 7777 
2019-07-07 01:10:52,951 - INFO - client: create_socket - Попытка подключения №1 
2019-07-07 01:10:53,124 - INFO - client: create_socket - Авторизация успешна. Соединение установлено! 
2019-07-07 01:11:08,606 - ERROR - client: initUI - Ошибка сохранения последнего логина/пароля в БД 
2019-07-07 01:11:11,924 - INFO - client: start_client - Запуск клиента 
2019-07-07 01:11:11,925 - INFO - client: create_socket - Попытка подключения к 127.0.0.1 7777 
2019-07-07 01:11:11,927 - INFO - client: create_socket - Попытка подключения №1 
2019-07-07 01:11:12,112 - INFO - client: create_socket - Авторизация успешна. Соединение установлено! 
2019-07-07 01:14:05,459 - ERROR - client: initUI - Ошибка сохранения последнего логина/пароля в БД 
2019-07-07 01:14:07,011 - INFO - client: start_client - Запуск клиента 
2019-07-07 01:14:07,012 - INFO - client: create_socket - Попытка подключения к 127.0.0.1 7777 
2019-07-07 01:14:07,014 - INFO - client: create_socket - Попытка подключения №1 
2019-07-07 01:14:07,199 - INFO - client: create_socket - Авторизация успешна. Соединение установлено! 
2019-07-07 01:14:25,395 - ERROR - client: initUI - Ошибка сохранения последнего логина/пароля в БД 
2019-07-07 01:14:27,212 - INFO - client: start_client - Запуск клиента 
2019-07-07 01:14:27,213 - INFO - client: create_socket - Попытка подключения к 127.0.0.1 7777 
2019-07-07 01:14:27,215 - INFO - client: create_socket - Попытка подключения №1 
2019-07-07 01:14:27,402 - INFO - client: create_socket - Авторизация успешна. Соединение установлено! 
2019-07-07 01:21:12,502 - ERROR - client: initUI - Ошибка сохранения последнего логина/пароля в БД 
2019-07-07 01:21:14,034 - INFO - client: start_client - Запуск клиента 
2019-07-07 01:21:14,035 - INFO - client: create_socket - Попытка подключения к 127.0.0.1 7777 
2019-07-07 01:21:14,037 - INFO - client: create_socket - Попытка подключения №1 
2019-07-07 01:21:14,242 - INFO - client: create_socket - Авторизация успешна. Соединение установлено! 
2019-07-07 01:25:53,935 - ERROR - client: initUI - Ошибка сохранения последнего логина/пароля в БД 
2019-07-07 01:25:55,533 - INFO - client: start_client - Запуск клиента 
2019-07-07 01:25:55,534 - INFO - client: create_socket - Попытка подключения к 127.0.0.1 7777 
2019-07-07 01:25:55,535 - INFO - client: create_socket - Попытка подключения №1 
2019-07-07 01:25:55,730 - INFO - client: create_socket - Авторизация успешна. Соединение установлено! 
2019-07-07 01:28:08,724 - ERROR - client: initUI - Ошибка сохранения последнего логина/пароля в БД 
2019-07-07 01:28:10,130 - INFO - client: start_client - Запуск клиента 
2019-07-07 01:28:10,131 - INFO - client: create_socket - Попытка подключения к 127.0.0.1 7777 
2019-07-07 01:28:10,132 - INFO - client: create_socket - Попытка подключения №1 
2019-07-07 01:28:10,340 - INFO - client: create_socket - Авторизация успешна. Соединение установлено! 
2019-07-07 01:34:02,141 - ERROR - client: initUI - Ошибка сохранения последнего логина/пароля в БД 
2019-07-07 01:34:04,154 - INFO - client: start_client - Запуск клиента 
2019-07-07 01:34:04,155 - INFO - client: create_socket - Попытка подключения к 127.0.0.1 7777 
2019-07-07 01:34:04,157 - INFO - client: create_socket - Попытка подключения №1 
2019-07-07 01:34:04,371 - INFO - client: create_socket - Авторизация успешна. Соединение установлено! 
2019-07-07 01:37:04,708 - ERROR - client: initUI - Ошибка сохранения последнего логина/пароля в БД 
2019-07-07 01:37:06,147 - INFO - client: start_client - Запуск клиента 
2019-07-07 01:37:06,148 - INFO - client: create_socket - Попытка подключения к 127.0.0.1 7777 
2019-07-07 01:37:06,149 - INFO - client: create_socket - Попытка подключения №1 
2019-07-07 01:37:06,343 - INFO - client: create_socket - Авторизация успешна. Соединение установлено! 
2019-07-07 01:38:23,641 - ERROR - client: initUI - Ошибка сохранения последнего логина/пароля в БД 
2019-07-07 01:38:24,975 - INFO - client: start_client - Запуск клиента 
2019-07-07 01:38:24,976 - INFO - client: create_socket - Попытка подключения к 127.0.0.1 7777 
2019-07-07 01:38:24,978 - INFO - client: create_socket - Попытка подключения №1 
2019-07-07 01:38:25,194 - INFO - client: create_socket - Авторизация успешна. Соединение установлено! 
2019-07-07 01:40:03,579 - ERROR - client: initUI - Ошибка сохранения последнего логина/пароля в БД 
2019-07-07 01:40:04,825 - INFO - client: start_client - Запуск клиента 
2019-07-07 01:40:04,826 - INFO - client: create_socket - Попытка подключения к 127.0.0.1 7777 
2019-07-07 01:40:04,828 - INFO - client: create_socket - Попытка подключения №1 
2019-07-07 01:40:05,037 - INFO - client: create_socket - Авторизация успешна. Соединение установлено! 
2019-07-07 01:41:07,973 - ERROR - client: initUI - Ошибка сохранения последнего логина/пароля в БД 
2019-07-07 01:41:09,295 - INFO - client: start_client - Запуск клиента 
2019-07-07 01:41:09,296 - INFO - client: create_socket - Попытка подключения к 127.0.0.1 7777 
2019-07-07 01:41:09,298 - INFO - client: create_socket - Попытка подключения №1 
2019-07-07 01:41:09,507 - INFO - client: create_socket - Авторизация успешна. Соединение установлено! 
2019-07-07 01:43:11,522 - ERROR - client: initUI - Ошибка сохранения последнего логина/пароля в БД 
2019-07-07 01:43:12,788 - INFO - client: start_client - Запуск клиента 
2019-07-07 01:43:12,789 - INFO - client: create_socket - Попытка подключения к 127.0.0.1 7777 
2019-07-07 01:43:12,790 - INFO - client: create_socket - Попытка подключения №1 
2019-07-07 01:43:13,009 - INFO - client: create_socket - Авторизация успешна. Соединение установлено! 
2019-07-07 01:48:37,646 - ERROR - client: initUI - Ошибка сохранения последнего логина/пароля в БД 
2019-07-07 01:48:38,979 - INFO - client: start_client - Запуск клиента 
2019-07-07 01:48:38,980 - INFO - client: create_socket - Попытка подключения к 127.0.0.1 7777 
2019-07-07 01:48:38,982 - INFO - client: create_socket - Попытка подключения №1 
2019-07-07 01:48:39,082 - INFO - client: create_socket - Авторизация успешна. Соединение установлено! 
2019-07-07 01:54:43,084 - ERROR - client: initUI - Ошибка сохранения последнего логина/пароля в БД 
2019-07-07 01:54:44,377 - INFO - client: start_client - Запуск клиента 
2019-07-07 01:54:44,378 - INFO - client: create_socket - Попытка подключения к 127.0.0.1 7777 
2019-07-07 01:54:44,380 - INFO - client: create_socket - Попытка подключения №1 
2019-07-07 01:54:44,457 - INFO - client: create_socket - Авторизация успешна. Соединение установлено! 
2019-07-07 01:56:26,222 - ERROR - client: initUI - Ошибка сохранения последнего логина/пароля в БД 
2019-07-07 01:56:27,333 - INFO - client: start_client - Запуск клиента 
2019-07-07 01:56:27,334 - INFO - client: create_socket - Попытка подключения к 127.0.0.1 7777 
2019-07-07 01:56:27,336 - INFO - client: create_socket - Попытка подключения №1 
2019-07-07 01:56:27,402 - INFO - client: create_socket - Авторизация успешна. Соединение установлено! 
2019-07-07 02:00:11,252 - ERROR - client: initUI - Ошибка сохранения последнего логина/пароля в БД 
2019-07-07 02:00:12,556 - INFO - client: start_client - Запуск клиента 
2019-07-07 02:00:12,557 - INFO - client: create_socket - Попытка подключения к 127.0.0.1 7777 
2019-07-07 02:00:12,558 - INFO - client: create_socket - Попытка подключения №1 
2019-07-07 02:00:12,629 - INFO - client: create_socket - Авторизация успешна. Соединение установлено! 
2019-07-07 02:00:52,091 - ERROR - client: initUI - Ошибка сохранения последнего логина/пароля в БД 
2019-07-07 02:00:53,580 - INFO - client: start_client - Запуск клиента 
2019-07-07 02:00:53,581 - INFO - client: create_socket - Попытка подключения к 127.0.0.1 7777 
2019-07-07 02:00:53,582 - INFO - client: create_socket - Попытка подключения №1 
2019-07-07 02:00:53,689 - INFO - client: create_socket - Авторизация успешна. Соединение установлено! 
2019-07-07 02:01:04,146 - INFO - client: get_contact_list - Обновление списка контактов с сервера.. 
2019-07-07 02:01:04,416 - INFO - client: get_contact_list - Список контактов обновлен 
2019-07-07 02:01:40,699 - INFO - client: set_contact_list - Список контактов изменен 
2019-07-07 02:01:40,699 - INFO - client: get_contact_list - Обновление списка контактов с сервера.. 
2019-07-07 02:01:40,953 - INFO - client: get_contact_list - Список контактов обновлен 
2019-07-07 02:02:00,465 - INFO - client: get_contact_list - Обновление списка контактов с сервера.. 
2019-07-07 02:02:00,644 - INFO - client: get_contact_list - Список контактов обновлен 
2019-07-07 02:02:27,094 - ERROR - client: initUI - Ошибка сохранения последнего логина/пароля в БД 
2019-07-07 02:02:28,317 - INFO - client: start_client - Запуск клиента 
2019-07-07 02:02:28,318 - INFO - client: create_socket - Попытка подключения к 127.0.0.1 7777 
2019-07-07 02:02:28,320 - INFO - client: create_socket - Попытка подключения №1 
2019-07-07 02:02:28,391 - INFO - client: create_socket - Авторизация успешна. Соединение установлено! 
2019-07-07 02:08:14,911 - ERROR - client: initUI - Ошибка сохранения последнего логина/пароля в БД 
2019-07-07 02:08:16,226 - INFO - client: start_client - Запуск клиента 
2019-07-07 02:08:16,227 - INFO - client: create_socket - Попытка подключения к 127.0.0.1 7777 
2019-07-07 02:08:16,229 - INFO - client: create_socket - Попытка подключения №1 
2019-07-07 02:08:16,291 - INFO - client: create_socket - Авторизация успешна. Соединение установлено! 
2019-07-07 02:08:25,852 - INFO - client: set_contact_list - Список контактов изменен 
2019-07-07 02:08:25,853 - INFO - client: get_contact_list - Обновление списка контактов с сервера.. 
2019-07-07 02:08:26,160 - INFO - client: get_contact_list - Список контактов обновлен 
2019-07-07 02:08:48,044 - INFO - client: get_contact_list - Обновление списка контактов с сервера.. 
2019-07-07 02:08:48,277 - INFO - client: get_contact_list - Список контактов обновлен 
2019-07-07 02:13:05,129 - ERROR - client: initUI - Ошибка сохранения последнего логина/пароля в БД 
2019-07-07 02:13:06,269 - INFO - client: start_client - Запуск клиента 
2019-07-07 02:13:06,270 - INFO - client: create_socket - Попытка подключения к 127.0.0.1 7777 
2019-07-07 02:13:06,271 - INFO - client: create_socket - Попытка подключения №1 
2019-07-07 02:13:06,349 - INFO - client: create_socket - Авторизация успешна. Соединение установлено! 
2019-07-07 02:13:21,375 - ERROR - client: initUI - Ошибка сохранения последнего логина/пароля в БД 
2019-07-07 02:13:22,755 - INFO - client: start_client - Запуск клиента 
2019-07-07 02:13:22,756 - INFO - client: create_socket - Попытка подключения к 127.0.0.1 7777 
2019-07-07 02:13:22,758 - INFO - client: create_socket - Попытка подключения №1 
2019-07-07 02:13:22,835 - INFO - client: create_socket - Авторизация успешна. Соединение установлено! 
2019-07-07 02:13:35,761 - INFO - client: get_contact_list - Обновление списка контактов с сервера.. 
2019-07-07 02:15:09,615 - ERROR - client: initUI - Ошибка сохранения последнего логина/пароля в БД 
2019-07-07 02:15:11,826 - INFO - client: start_client - Запуск клиента 
2019-07-07 02:15:11,827 - INFO - client: create_socket - Попытка подключения к 127.0.0.1 7777 
2019-07-07 02:15:11,828 - INFO - client: create_socket - Попытка подключения №1 
2019-07-07 02:15:11,928 - INFO - client: create_socket - Авторизация успешна. Соединение установлено! 
2019-07-07 02:15:21,315 - INFO - client: get_contact_list - Обновление списка контактов с сервера.. 
2019-07-07 02:15:21,526 - INFO - client: get_contact_list - Список контактов обновлен 
2019-07-07 02:17:04,597 - ERROR - client: initUI - Ошибка сохранения последнего логина/пароля в БД setText(self, str): argument 1 has unexpected type 'int' 
2019-07-07 02:17:05,878 - INFO - client: start_client - Запуск клиента 
2019-07-07 02:17:05,879 - INFO - client: create_socket - Попытка подключения к 127.0.0.1 7777 
2019-07-07 02:17:05,882 - INFO - client: create_socket - Попытка подключения №1 
2019-07-07 02:17:05,966 - INFO - client: create_socket - Авторизация успешна. Соединение установлено! 
2019-07-07 02:17:52,127 - ERROR - client: initUI - Ошибка сохранения последнего логина/пароля в БД setText(self, str): argument 1 has unexpected type 'int' 
2019-07-07 02:17:53,563 - INFO - client: start_client - Запуск клиента 
2019-07-07 02:17:53,564 - INFO - client: create_socket - Попытка подключения к 127.0.0.1 7777 
2019-07-07 02:17:53,566 - INFO - client: create_socket - Попытка подключения №1 
2019-07-07 02:17:53,643 - INFO - client: create_socket - Авторизация успешна. Соединение установлено! 
2019-07-07 02:22:17,336 - ERROR - client: initUI - Ошибка сохранения последнего логина/пароля в БД setText(self, str): argument 1 has unexpected type 'int' 
2019-07-07 02:22:18,612 - INFO - client: start_client - Запуск клиента 
2019-07-07 02:22:18,613 - INFO - client: create_socket - Попытка подключения к 127.0.0.1 7777 
2019-07-07 02:22:18,614 - INFO - client: create_socket - Попытка подключения №1 
2019-07-07 02:22:18,715 - INFO - client: create_socket - Авторизация успешна. Соединение установлено! 
2019-07-07 02:22:20,218 - ERROR - client: run - Reader: Сервер разорвал соединение или получен некорректный ответ! timed out 
2019-07-07 02:22:31,440 - ERROR - client: initUI - Ошибка сохранения последнего логина/пароля в БД setText(self, str): argument 1 has unexpected type 'int' 
2019-07-07 02:22:32,500 - INFO - client: start_client - Запуск клиента 
2019-07-07 02:22:32,501 - INFO - client: create_socket - Попытка подключения к 127.0.0.1 7777 
2019-07-07 02:22:32,503 - INFO - client: create_socket - Попытка подключения №1 
2019-07-07 02:22:32,581 - INFO - client: create_socket - Авторизация успешна. Соединение установлено! 
2019-07-07 02:22:38,584 - ERROR - client: run - Reader: Сервер разорвал соединение или получен некорректный ответ! timed out 
2019-07-07 02:36:26,834 - ERROR - client: initUI - Ошибка сохранения последнего логина/пароля в БД setText(self, str): argument 1 has unexpected type 'int' 
2019-07-07 02:36:28,398 - INFO - client: start_client - Запуск клиента 
2019-07-07 02:36:28,399 - INFO - client: create_socket - Попытка подключения к 127.0.0.1 7777 
2019-07-07 02:36:28,401 - INFO - client: create_socket - Попытка подключения №1 
2019-07-07 02:36:28,487 - INFO - client: create_socket - Авторизация успешна. Соединение установлено! 
2019-07-07 02:36:40,045 - ERROR - client: initUI - Ошибка сохранения последнего логина/пароля в БД setText(self, str): argument 1 has unexpected type 'int' 
2019-07-07 02:36:41,238 - INFO - client: start_client - Запуск клиента 
2019-07-07 02:36:41,239 - INFO - client: create_socket - Попытка подключения к 127.0.0.1 7777 
2019-07-07 02:36:41,241 - INFO - client: create_socket - Попытка подключения №1 
2019-07-07 02:36:41,344 - INFO - client: create_socket - Авторизация успешна. Соединение установлено! 
2019-07-07 02:37:20,895 - ERROR - client: initUI - Ошибка сохранения последнего логина/пароля в БД setText(self, str): argument 1 has unexpected type 'int' 
2019-07-07 02:37:22,371 - INFO - client: start_client - Запуск клиента 
2019-07-07 02:37:22,372 - INFO - client: create_socket - Попытка подключения к 127.0.0.1 7777 
2019-07-07 02:37:22,374 - INFO - client: create_socket - Попытка подключения №1 
2019-07-07 02:37:22,480 - INFO - client: create_socket - Авторизация успешна. Соединение установлено! 
2019-07-07 02:37:39,709 - ERROR - client: initUI - Ошибка сохранения последнего логина/пароля в БД setText(self, str): argument 1 has unexpected type 'int' 
2019-07-07 02:37:40,772 - INFO - client: start_client - Запуск клиента 
2019-07-07 02:37:40,773 - INFO - client: create_socket - Попытка подключения к 127.0.0.1 7777 
2019-07-07 02:37:40,775 - INFO - client: create_socket - Попытка подключения №1 
2019-07-07 02:37:40,874 - INFO - client: create_socket - Авторизация успешна. Соединение установлено! 
2019-07-07 02:37:42,377 - ERROR - client: run - Reader: Сервер разорвал соединение или получен некорректный ответ! timed out 
2019-07-07 02:38:16,338 - ERROR - client: initUI - Ошибка сохранения последнего логина/пароля в БД setText(self, str): argument 1 has unexpected type 'int' 
2019-07-07 02:38:17,921 - INFO - client: start_client - Запуск клиента 
2019-07-07 02:38:17,922 - INFO - client: create_socket - Попытка подключения к 127.0.0.1 7777 
2019-07-07 02:38:17,923 - INFO - client: create_socket - Попытка подключения №1 
2019-07-07 02:38:18,030 - INFO - client: create_socket - Авторизация успешна. Соединение установлено! 
2019-07-07 02:38:19,533 - ERROR - client: run - Reader: Сервер разорвал соединение или получен некорректный ответ! timed out 
2019-07-07 02:39:23,774 - ERROR - client: initUI - Ошибка сохранения последнего логина/пароля в БД setText(self, str): argument 1 has unexpected type 'int' 
2019-07-07 02:39:25,666 - INFO - client: start_client - Запуск клиента 
2019-07-07 02:39:25,667 - INFO - client: create_socket - Попытка подключения к 127.0.0.1 7777 
2019-07-07 02:39:25,669 - INFO - client: create_socket - Попытка подключения №1 
2019-07-07 02:39:25,784 - INFO - client: create_socket - Авторизация успешна. Соединение установлено! 
2019-07-07 02:39:27,287 - ERROR - client: run - Reader: Сервер разорвал соединение или получен некорректный ответ! timed out 
2019-07-07 02:39:58,710 - ERROR - client: initUI - Ошибка сохранения последнего логина/пароля в БД setText(self, str): argument 1 has unexpected type 'int' 
2019-07-07 02:40:00,131 - INFO - client: start_client - Запуск клиента 
2019-07-07 02:40:00,132 - INFO - client: create_socket - Попытка подключения к 127.0.0.1 7777 
2019-07-07 02:40:00,134 - INFO - client: create_socket - Попытка подключения №1 
2019-07-07 02:40:00,251 - INFO - client: create_socket - Авторизация успешна. Соединение установлено! 
2019-07-07 02:43:07,647 - ERROR - client: initUI - Ошибка сохранения последнего логина/пароля в БД setText(self, str): argument 1 has unexpected type 'int' 
2019-07-07 02:43:09,218 - INFO - client: start_client - Запуск клиента 
2019-07-07 02:43:09,219 - INFO - client: create_socket - Попытка подключения к 127.0.0.1 7777 
2019-07-07 02:43:09,220 - INFO - client: create_socket - Попытка подключения №1 
2019-07-07 02:43:09,345 - INFO - client: create_socket - Авторизация успешна. Соединение установлено! 
2019-07-07 02:44:48,108 - ERROR - client: initUI - Ошибка сохранения последнего логина/пароля в БД setText(self, str): argument 1 has unexpected type 'int' 
2019-07-07 02:44:49,614 - INFO - client: start_client - Запуск клиента 
2019-07-07 02:44:49,615 - INFO - client: create_socket - Попытка подключения к 127.0.0.1 7777 
2019-07-07 02:44:49,617 - INFO - client: create_socket - Попытка подключения №1 
2019-07-07 02:44:49,757 - INFO - client: create_socket - Авторизация успешна. Соединение установлено! 
2019-07-07 02:45:21,860 - INFO - client: set_contact_list - Список контактов изменен 
2019-07-07 02:45:21,860 - INFO - client: get_contact_list - Обновление списка контактов с сервера.. 
2019-07-07 02:45:22,231 - INFO - client: get_contact_list - Список контактов обновлен 
2019-07-07 02:47:25,262 - ERROR - client: initUI - Ошибка сохранения последнего логина/пароля в БД setText(self, str): argument 1 has unexpected type 'int' 
2019-07-07 02:47:26,573 - INFO - client: start_client - Запуск клиента 
2019-07-07 02:47:26,575 - INFO - client: create_socket - Попытка подключения к 127.0.0.1 7777 
2019-07-07 02:47:26,576 - INFO - client: create_socket - Попытка подключения №1 
2019-07-07 02:47:26,709 - INFO - client: create_socket - Авторизация успешна. Соединение установлено! 
2019-07-07 02:47:38,875 - ERROR - client: initUI - Ошибка сохранения последнего логина/пароля в БД setText(self, str): argument 1 has unexpected type 'int' 
2019-07-07 02:47:40,549 - INFO - client: start_client - Запуск клиента 
2019-07-07 02:47:40,550 - INFO - client: create_socket - Попытка подключения к 127.0.0.1 7777 
2019-07-07 02:47:40,552 - INFO - client: create_socket - Попытка подключения №1 
2019-07-07 02:47:40,679 - INFO - client: create_socket - Авторизация успешна. Соединение установлено! 
2019-07-07 02:48:47,889 - ERROR - client: initUI - Ошибка сохранения последнего логина/пароля в БД setText(self, str): argument 1 has unexpected type 'int' 
2019-07-07 02:48:49,217 - INFO - client: start_client - Запуск клиента 
2019-07-07 02:48:49,218 - INFO - client: create_socket - Попытка подключения к 127.0.0.1 7777 
2019-07-07 02:48:49,220 - INFO - client: create_socket - Попытка подключения №1 
2019-07-07 02:48:49,336 - INFO - client: create_socket - Авторизация успешна. Соединение установлено! 
2019-07-07 02:49:01,148 - ERROR - client: initUI - Ошибка сохранения последнего логина/пароля в БД setText(self, str): argument 1 has unexpected type 'int' 
2019-07-07 02:49:05,426 - INFO - client: start_client - Запуск клиента 
2019-07-07 02:49:05,427 - INFO - client: create_socket - Попытка подключения к 127.0.0.1 7777 
2019-07-07 02:49:05,429 - INFO - client: create_socket - Попытка подключения №1 
2019-07-07 02:49:05,552 - INFO - client: create_socket - Авторизация успешна. Соединение установлено! 
2019-07-07 02:50:42,565 - ERROR - client: initUI - Ошибка сохранения последнего логина/пароля в БД setText(self, str): argument 1 has unexpected type 'int' 
2019-07-07 02:50:44,842 - INFO - client: start_client - Запуск клиента 
2019-07-07 02:50:44,843 - INFO - client: create_socket - Попытка подключения к 127.0.0.1 7777 
2019-07-07 02:50:44,844 - INFO - client: create_socket - Попытка подключения №1 
2019-07-07 02:50:45,121 - INFO - client: create_socket - Авторизация успешна. Соединение установлено! 
2019-07-07 02:50:55,613 - ERROR - client: initUI - Ошибка сохранения последнего логина/пароля в БД setText(self, str): argument 1 has unexpected type 'int' 
2019-07-07 02:50:56,789 - INFO - client: start_client - Запуск клиента 
2019-07-07 02:50:56,790 - INFO - client: create_socket - Попытка подключения к 127.0.0.1 7777 
2019-07-07 02:50:56,792 - INFO - client: create_socket - Попытка подключения №1 
2019-07-07 02:50:56,919 - INFO - client: create_socket - Авторизация успешна. Соединение установлено! 
2019-07-07 02:53:02,525 - ERROR - client: initUI - Ошибка сохранения последнего логина/пароля в БД setText(self, str): argument 1 has unexpected type 'int' 
2019-07-07 02:53:04,954 - INFO - client: start_client - Запуск клиента 
2019-07-07 02:53:04,955 - INFO - client: create_socket - Попытка подключения к 127.0.0.1 7777 
2019-07-07 02:53:04,956 - INFO - client: create_socket - Попытка подключения №1 
2019-07-07 02:53:05,092 - INFO - client: create_socket - Авторизация успешна. Соединение установлено! 
2019-07-07 03:01:53,023 - ERROR - client: initUI - Ошибка сохранения последнего логина/пароля в БД setText(self, str): argument 1 has unexpected type 'int' 
2019-07-07 03:01:54,046 - INFO - client: start_client - Запуск клиента 
2019-07-07 03:01:54,047 - INFO - client: create_socket - Попытка подключения к 127.0.0.1 7777 
2019-07-07 03:01:54,049 - INFO - client: create_socket - Попытка подключения №1 
2019-07-07 03:01:54,183 - INFO - client: create_socket - Авторизация успешна. Соединение установлено! 
2019-07-07 03:03:32,973 - ERROR - client: initUI - Ошибка сохранения последнего логина/пароля в БД setText(self, str): argument 1 has unexpected type 'int' 
2019-07-07 03:03:34,426 - INFO - client: start_client - Запуск клиента 
2019-07-07 03:03:34,427 - INFO - client: create_socket - Попытка подключения к 127.0.0.1 7777 
2019-07-07 03:03:34,429 - INFO - client: create_socket - Попытка подключения №1 
2019-07-07 03:03:34,576 - INFO - client: create_socket - Авторизация успешна. Соединение установлено! 
2019-07-07 03:04:58,783 - ERROR - client: initUI - Ошибка сохранения последнего логина/пароля в БД setText(self, str): argument 1 has unexpected type 'int' 
2019-07-07 03:05:00,242 - INFO - client: start_client - Запуск клиента 
2019-07-07 03:05:00,243 - INFO - client: create_socket - Попытка подключения к 127.0.0.1 7777 
2019-07-07 03:05:00,244 - INFO - client: create_socket - Попытка подключения №1 
2019-07-07 03:05:00,398 - INFO - client: create_socket - Авторизация успешна. Соединение установлено! 
2019-07-07 03:07:17,549 - ERROR - client: initUI - Ошибка сохранения последнего логина/пароля в БД setText(self, str): argument 1 has unexpected type 'int' 
2019-07-07 03:07:22,372 - INFO - client: start_client - Запуск клиента 
2019-07-07 03:07:22,373 - INFO - client: create_socket - Попытка подключения к 127.0.0.1 7777 
2019-07-07 03:07:22,374 - INFO - client: create_socket - Попытка подключения №1 
2019-07-07 03:07:22,509 - INFO - client: create_socket - Авторизация успешна. Соединение установлено! 
2019-07-07 03:09:12,168 - ERROR - client: initUI - Ошибка сохранения последнего логина/пароля в БД setText(self, str): argument 1 has unexpected type 'int' 
2019-07-07 03:09:13,757 - INFO - client: start_client - Запуск клиента 
2019-07-07 03:09:13,758 - INFO - client: create_socket - Попытка подключения к 127.0.0.1 7777 
2019-07-07 03:09:13,759 - INFO - client: create_socket - Попытка подключения №1 
2019-07-07 03:09:13,911 - INFO - client: create_socket - Авторизация успешна. Соединение установлено! 
2019-07-07 03:12:40,263 - ERROR - client: initUI - Ошибка сохранения последнего логина/пароля в БД setText(self, str): argument 1 has unexpected type 'int' 
2019-07-07 03:12:41,442 - INFO - client: start_client - Запуск клиента 
2019-07-07 03:12:41,443 - INFO - client: create_socket - Попытка подключения к 127.0.0.1 7777 
2019-07-07 03:12:41,445 - INFO - client: create_socket - Попытка подключения №1 
2019-07-07 03:12:41,598 - INFO - client: create_socket - Авторизация успешна. Соединение установлено! 
2019-07-07 03:12:43,101 - ERROR - client: run - Reader: Сервер разорвал соединение или получен некорректный ответ! timed out 
2019-07-07 03:17:53,136 - ERROR - client: initUI - Ошибка сохранения последнего логина/пароля в БД setText(self, str): argument 1 has unexpected type 'int' 
2019-07-07 03:17:55,469 - INFO - client: start_client - Запуск клиента 
2019-07-07 03:17:55,470 - INFO - client: create_socket - Попытка подключения к 127.0.0.1 7777 
2019-07-07 03:17:55,471 - INFO - client: create_socket - Попытка подключения №1 
2019-07-07 03:17:57,484 - ERROR - client: create_socket - Ошибка подключения, попытка 1: [WinError 10061] Подключение не установлено, т.к. конечный компьютер отверг запрос на подключение 
2019-07-07 03:17:58,484 - INFO - client: create_socket - Попытка подключения №2 
2019-07-07 03:18:00,485 - ERROR - client: create_socket - Ошибка подключения, попытка 2: [WinError 10061] Подключение не установлено, т.к. конечный компьютер отверг запрос на подключение 
2019-07-07 03:18:01,486 - INFO - client: create_socket - Попытка подключения №3 
2019-07-07 03:18:03,489 - ERROR - client: create_socket - Ошибка подключения, попытка 3: [WinError 10061] Подключение не установлено, т.к. конечный компьютер отверг запрос на подключение 
2019-07-07 03:18:04,490 - INFO - client: create_socket - Попытка подключения №4 
2019-07-07 03:18:06,492 - ERROR - client: create_socket - Ошибка подключения, попытка 4: [WinError 10061] Подключение не установлено, т.к. конечный компьютер отверг запрос на подключение 
2019-07-07 03:18:07,493 - INFO - client: create_socket - Попытка подключения №5 
2019-07-07 03:18:09,495 - ERROR - client: create_socket - Ошибка подключения, попытка 5: [WinError 10061] Подключение не установлено, т.к. конечный компьютер отверг запрос на подключение 
2019-07-07 03:18:36,597 - ERROR - client: initUI - Ошибка сохранения последнего логина/пароля в БД setText(self, str): argument 1 has unexpected type 'int' 
2019-07-07 03:18:37,635 - INFO - client: start_client - Запуск клиента 
2019-07-07 03:18:37,636 - INFO - client: create_socket - Попытка подключения к 127.0.0.1 7777 
2019-07-07 03:18:37,637 - INFO - client: create_socket - Попытка подключения №1 
2019-07-07 03:18:37,725 - INFO - client: create_socket - Авторизация успешна. Соединение установлено! 
2019-07-07 03:18:39,228 - ERROR - client: run - Reader: Сервер разорвал соединение или получен некорректный ответ! timed out 
2019-07-08 11:47:07,615 - ERROR - client: initUI - Ошибка сохранения последнего логина/пароля в БД setText(self, str): argument 1 has unexpected type 'int' 
2019-07-08 11:47:09,484 - INFO - client: start_client - Запуск клиента 
2019-07-08 11:47:09,485 - INFO - client: create_socket - Попытка подключения к 127.0.0.1 7777 
2019-07-08 11:47:09,487 - INFO - client: create_socket - Попытка подключения №1 
2019-07-08 11:47:09,591 - INFO - client: create_socket - Авторизация успешна. Соединение установлено! 
2019-07-08 11:51:03,385 - ERROR - client: initUI - Ошибка сохранения последнего логина/пароля в БД setText(self, str): argument 1 has unexpected type 'int' 
2019-07-08 11:51:04,915 - INFO - client: start_client - Запуск клиента 
2019-07-08 11:51:04,916 - INFO - client: create_socket - Попытка подключения к 127.0.0.1 7777 
2019-07-08 11:51:04,918 - INFO - client: create_socket - Попытка подключения №1 
2019-07-08 11:51:04,993 - INFO - client: create_socket - Авторизация успешна. Соединение установлено! 
2019-07-08 11:51:04,993 - INFO - client: get_contact_list - Обновление списка контактов с сервера.. 
2019-07-08 11:51:05,316 - INFO - client: get_contact_list - Список контактов обновлен 
2019-07-08 11:51:34,818 - ERROR - client: initUI - Ошибка сохранения последнего логина/пароля в БД setText(self, str): argument 1 has unexpected type 'int' 
2019-07-08 11:52:11,005 - ERROR - client: initUI - Ошибка сохранения последнего логина/пароля в БД setText(self, str): argument 1 has unexpected type 'int' 
2019-07-08 11:52:12,262 - INFO - client: start_client - Запуск клиента 
2019-07-08 11:52:12,263 - INFO - client: create_socket - Попытка подключения к 127.0.0.1 7777 
2019-07-08 11:52:12,265 - INFO - client: create_socket - Попытка подключения №1 
2019-07-08 11:52:12,382 - INFO - client: create_socket - Авторизация успешна. Соединение установлено! 
2019-07-08 11:52:12,382 - INFO - client: get_contact_list - Обновление списка контактов с сервера.. 
2019-07-08 11:52:12,661 - INFO - client: get_contact_list - Список контактов обновлен 
2019-07-08 11:52:31,997 - ERROR - client: initUI - Ошибка сохранения последнего логина/пароля в БД setText(self, str): argument 1 has unexpected type 'int' 
2019-07-08 11:52:33,450 - INFO - client: start_client - Запуск клиента 
2019-07-08 11:52:33,450 - INFO - client: create_socket - Попытка подключения к 127.0.0.1 7777 
2019-07-08 11:52:33,452 - INFO - client: create_socket - Попытка подключения №1 
2019-07-08 11:52:33,548 - INFO - client: create_socket - Авторизация успешна. Соединение установлено! 
2019-07-08 11:52:33,548 - INFO - client: get_contact_list - Обновление списка контактов с сервера.. 
2019-07-08 11:52:33,808 - INFO - client: get_contact_list - Список контактов обновлен 
2019-07-08 11:52:47,312 - ERROR - client: initUI - Ошибка сохранения последнего логина/пароля в БД setText(self, str): argument 1 has unexpected type 'int' 
2019-07-08 11:52:48,451 - INFO - client: start_client - Запуск клиента 
2019-07-08 11:52:48,452 - INFO - client: create_socket - Попытка подключения к 127.0.0.1 7777 
2019-07-08 11:52:48,453 - INFO - client: create_socket - Попытка подключения №1 
2019-07-08 11:52:48,530 - INFO - client: create_socket - Авторизация успешна. Соединение установлено! 
2019-07-08 11:52:48,530 - INFO - client: get_contact_list - Обновление списка контактов с сервера.. 
2019-07-08 11:52:48,793 - INFO - client: get_contact_list - Список контактов обновлен 
2019-07-08 11:53:02,394 - ERROR - client: initUI - Ошибка сохранения последнего логина/пароля в БД setText(self, str): argument 1 has unexpected type 'int' 
2019-07-08 11:53:03,584 - INFO - client: start_client - Запуск клиента 
2019-07-08 11:53:03,585 - INFO - client: create_socket - Попытка подключения к 127.0.0.1 7777 
2019-07-08 11:53:03,586 - INFO - client: create_socket - Попытка подключения №1 
2019-07-08 11:53:03,664 - INFO - client: create_socket - Авторизация успешна. Соединение установлено! 
2019-07-08 11:53:03,664 - INFO - client: get_contact_list - Обновление списка контактов с сервера.. 
2019-07-08 11:53:03,909 - INFO - client: get_contact_list - Список контактов обновлен 
2019-07-08 11:53:06,414 - INFO - client: run - Получено сообщение с сервера: {'action': 'msg', 'time': 1562568786.278216, 'to': '#all', 'from': 'Simper', 'message': 'Simper:> Начните печатать здесь..p'} 
2019-07-08 11:54:43,286 - ERROR - client: initUI - Ошибка сохранения последнего логина/пароля в БД setText(self, str): argument 1 has unexpected type 'int' 
2019-07-08 11:54:44,443 - INFO - client: start_client - Запуск клиента 
2019-07-08 11:54:44,444 - INFO - client: create_socket - Попытка подключения к 127.0.0.1 7777 
2019-07-08 11:54:44,446 - INFO - client: create_socket - Попытка подключения №1 
2019-07-08 11:54:44,528 - INFO - client: create_socket - Авторизация успешна. Соединение установлено! 
2019-07-08 11:54:44,529 - INFO - client: get_contact_list - Обновление списка контактов с сервера.. 
2019-07-08 11:54:44,789 - INFO - client: get_contact_list - Список контактов обновлен 
2019-07-08 11:55:16,029 - INFO - client: start_client - Запуск клиента 
2019-07-08 11:55:16,031 - INFO - client: create_socket - Попытка подключения к 127.0.0.1 7777 
2019-07-08 11:55:16,033 - INFO - client: create_socket - Попытка подключения №1 
2019-07-08 11:55:16,122 - INFO - client: create_socket - Авторизация успешна. Соединение установлено! 
2019-07-08 11:55:16,122 - INFO - client: get_contact_list - Обновление списка контактов с сервера.. 
2019-07-08 11:55:16,413 - INFO - client: get_contact_list - Список контактов обновлен 
2019-07-08 11:56:11,793 - INFO - client: start_client - Запуск клиента 
2019-07-08 11:56:11,794 - INFO - client: create_socket - Попытка подключения к 127.0.0.1 7777 
2019-07-08 11:56:11,795 - INFO - client: create_socket - Попытка подключения №1 
2019-07-08 11:56:11,894 - INFO - client: create_socket - Авторизация успешна. Соединение установлено! 
2019-07-08 11:56:11,894 - INFO - client: get_contact_list - Обновление списка контактов с сервера.. 
2019-07-08 11:56:12,146 - INFO - client: get_contact_list - Список контактов обновлен 
2019-07-08 11:58:08,753 - INFO - client: start_client - Запуск клиента 
2019-07-08 11:58:08,754 - INFO - client: create_socket - Попытка подключения к 127.0.0.1 7777 
2019-07-08 11:58:08,756 - INFO - client: create_socket - Попытка подключения №1 
2019-07-08 11:58:08,843 - INFO - client: create_socket - Авторизация успешна. Соединение установлено! 
2019-07-08 11:58:08,844 - INFO - client: get_contact_list - Обновление списка контактов с сервера.. 
2019-07-08 11:58:09,090 - INFO - client: get_contact_list - Список контактов обновлен 
2019-07-08 11:58:30,916 - INFO - client: start_client - Запуск клиента 
2019-07-08 11:58:30,917 - INFO - client: create_socket - Попытка подключения к 127.0.0.1 7777 
2019-07-08 11:58:30,918 - INFO - client: create_socket - Попытка подключения №1 
2019-07-08 11:58:31,007 - INFO - client: create_socket - Авторизация успешна. Соединение установлено! 
2019-07-08 11:58:31,008 - INFO - client: get_contact_list - Обновление списка контактов с сервера.. 
2019-07-08 11:58:31,270 - INFO - client: get_contact_list - Список контактов обновлен 
2019-07-08 12:02:36,220 - INFO - client: start_client - Запуск клиента 
2019-07-08 12:02:36,221 - INFO - client: create_socket - Попытка подключения к 127.0.0.1 7777 
2019-07-08 12:02:36,222 - INFO - client: create_socket - Попытка подключения №1 
2019-07-08 12:02:36,330 - INFO - client: create_socket - Авторизация успешна. Соединение установлено! 
2019-07-08 12:02:36,330 - INFO - client: get_contact_list - Обновление списка контактов с сервера.. 
2019-07-08 12:02:36,573 - INFO - client: get_contact_list - Список контактов обновлен 
2019-07-08 12:03:50,459 - INFO - client: start_client - Запуск клиента 
2019-07-08 12:03:50,460 - INFO - client: create_socket - Попытка подключения к 127.0.0.1 7777 
2019-07-08 12:03:50,461 - INFO - client: create_socket - Попытка подключения №1 
2019-07-08 12:03:50,567 - INFO - client: create_socket - Авторизация успешна. Соединение установлено! 
2019-07-08 12:03:50,568 - INFO - client: get_contact_list - Обновление списка контактов с сервера.. 
2019-07-08 12:03:50,816 - INFO - client: get_contact_list - Список контактов обновлен 
2019-07-08 12:05:49,411 - INFO - client: start_client - Запуск клиента 
2019-07-08 12:05:49,412 - INFO - client: create_socket - Попытка подключения к 127.0.0.1 7777 
2019-07-08 12:05:49,414 - INFO - client: create_socket - Попытка подключения №1 
2019-07-08 12:05:49,530 - INFO - client: create_socket - Авторизация успешна. Соединение установлено! 
2019-07-08 12:05:49,530 - INFO - client: get_contact_list - Обновление списка контактов с сервера.. 
2019-07-08 12:05:49,774 - INFO - client: get_contact_list - Список контактов обновлен 
2019-07-08 15:37:57,965 - INFO - client: start_client - Запуск клиента 
2019-07-08 15:37:57,966 - INFO - client: create_socket - Попытка подключения к 127.0.0.1 7777 
2019-07-08 15:37:57,967 - INFO - client: create_socket - Попытка подключения №1 
2019-07-08 15:37:59,969 - ERROR - client: create_socket - Ошибка подключения, попытка 1: [WinError 10061] Подключение не установлено, т.к. конечный компьютер отверг запрос на подключение 
2019-07-08 15:38:00,969 - INFO - client: create_socket - Попытка подключения №2 
2019-07-08 15:38:02,982 - ERROR - client: create_socket - Ошибка подключения, попытка 2: [WinError 10061] Подключение не установлено, т.к. конечный компьютер отверг запрос на подключение 
2019-07-08 15:38:03,983 - INFO - client: create_socket - Попытка подключения №3 
2019-07-08 15:38:05,997 - ERROR - client: create_socket - Ошибка подключения, попытка 3: [WinError 10061] Подключение не установлено, т.к. конечный компьютер отверг запрос на подключение 
2019-07-08 15:38:06,997 - INFO - client: create_socket - Попытка подключения №4 
2019-07-08 15:38:09,013 - ERROR - client: create_socket - Ошибка подключения, попытка 4: [WinError 10061] Подключение не установлено, т.к. конечный компьютер отверг запрос на подключение 
2019-07-08 15:38:10,013 - INFO - client: create_socket - Попытка подключения №5 
2019-07-08 15:38:12,016 - ERROR - client: create_socket - Ошибка подключения, попытка 5: [WinError 10061] Подключение не установлено, т.к. конечный компьютер отверг запрос на подключение 
2019-07-08 15:39:04,232 - INFO - client: start_client - Запуск клиента 
2019-07-08 15:39:04,233 - INFO - client: create_socket - Попытка подключения к 127.0.0.1 7777 
2019-07-08 15:39:04,235 - INFO - client: create_socket - Попытка подключения №1 
2019-07-08 15:39:04,441 - INFO - client: create_socket - Авторизация успешна. Соединение установлено! 
2019-07-08 15:39:04,945 - INFO - client: get_contact_list - Обновление списка контактов с сервера.. 
2019-07-08 15:39:05,240 - INFO - client: get_contact_list - Список контактов обновлен 
2019-07-08 15:39:12,247 - INFO - client: run - Получено сообщение с сервера: {'action': 'msg', 'time': 1562582351.013532, 'to': '#all', 'from': 'Simper', 'message': 'Simper:> Начните печатать здесь..23'} 
2019-07-08 15:52:07,039 - INFO - client: start_client - Запуск клиента 
2019-07-08 15:52:07,040 - INFO - client: create_socket - Попытка подключения к 127.0.0.1 7777 
2019-07-08 15:52:07,041 - INFO - client: create_socket - Попытка подключения №1 
2019-07-08 15:52:07,301 - INFO - client: create_socket - Авторизация успешна. Соединение установлено! 
2019-07-08 15:52:07,804 - INFO - client: get_contact_list - Обновление списка контактов с сервера.. 
2019-07-08 15:52:08,124 - INFO - client: get_contact_list - Список контактов обновлен 
2019-07-08 15:52:15,131 - INFO - client: run - Получено сообщение с сервера: {'action': 'msg', 'time': 1562583135.0279138, 'to': '#all', 'from': 'Simper', 'message': '3'} 
2019-07-08 15:52:23,686 - INFO - client: run - Получено сообщение с сервера: {'action': 'msg', 'time': 1562583143.5471232, 'to': 'Simper', 'from': 'server', 'message': '<:SERVER:> Клиент Freeman не подключен. Отправка сообщения не возможна!'} 
2019-07-08 15:52:30,737 - INFO - client: run - Получено сообщение с сервера: {'action': 'msg', 'time': 1562583150.5918167, 'to': '#all', 'from': 'Simper', 'message': '6'} 
2019-07-08 15:52:40,793 - INFO - client: run - Получено сообщение с сервера: {'action': 'msg', 'time': 1562583160.278698, 'to': 'Simper', 'from': 'server', 'message': "<:SERVER:> Список клиентов в онлайн: ['Simper']"} 
