2019-07-08 11:47:01,741 - INFO - server: start_server - Запуск сервера! Готов к приему клиентов! 
 
2019-07-08 11:47:09,488 - INFO - server: start_server - Получен запрос на соединение от 127.0.0.1:50682 
2019-07-08 11:47:09,513 - INFO - server: start_server - Принято сообщение от клиента: {'action': 'presence', 'time': 1562568429.4985213, 'user': {'account_name': 'Simper', 'account_password': '123'}} 
2019-07-08 11:47:09,515 - DEBUG - server: check_correct_presence_and_response - Запуск ф-ии проверки корректности запроса 
2019-07-08 11:47:09,572 - DEBUG - server: check_correct_presence_and_response - Проверка пароля успешна, ответ: response: 200 
2019-07-08 11:47:09,589 - DEBUG - decorators: deco_log_call - Mon Jul  8 11:47:09 2019 Вызван декоратор Log для check_correct_presence_and_response с параметрами (<__main__.Server object at 0x047661D0>, {'action': 'presence', 'time': 1562568429.4985213, 'user': {'account_name': 'Simper', 'account_password': '123'}}) из функции self._bootstrap_inner() 
2019-07-08 11:47:09,589 - INFO - server: start_server - Приветствуем пользователя Simper! 
2019-07-08 11:47:09,590 - INFO - server: start_server - Отправка ответа клиенту: {'response': 200} 
2019-07-08 11:51:00,537 - DEBUG - server: read_messages - Клиент 1644 ('127.0.0.1', 50682) отключился до передачи сообщения по таймауту  
2019-07-08 11:51:04,918 - INFO - server: start_server - Получен запрос на соединение от 127.0.0.1:50725 
2019-07-08 11:51:04,932 - INFO - server: start_server - Принято сообщение от клиента: {'action': 'presence', 'time': 1562568664.9297142, 'user': {'account_name': 'Simper', 'account_password': '123'}} 
2019-07-08 11:51:04,933 - DEBUG - server: check_correct_presence_and_response - Запуск ф-ии проверки корректности запроса 
2019-07-08 11:51:04,989 - DEBUG - server: check_correct_presence_and_response - Проверка пароля успешна, ответ: response: 200 
2019-07-08 11:51:04,991 - DEBUG - decorators: deco_log_call - Mon Jul  8 11:51:04 2019 Вызван декоратор Log для check_correct_presence_and_response с параметрами (<__main__.Server object at 0x047661D0>, {'action': 'presence', 'time': 1562568664.9297142, 'user': {'account_name': 'Simper', 'account_password': '123'}}) из функции self._bootstrap_inner() 
2019-07-08 11:51:04,991 - INFO - server: start_server - Приветствуем пользователя Simper! 
2019-07-08 11:51:04,992 - INFO - server: start_server - Отправка ответа клиенту: {'response': 200} 
2019-07-08 11:51:04,995 - DEBUG - server: read_messages - {'action': 'get_contacts', 'time': 1562568664.9936936, 'user_login': 'Simper'} 
2019-07-08 11:51:04,996 - DEBUG - server: write_messages - Запрос списка контактов из БД 
2019-07-08 11:51:10,249 - DEBUG - server: read_messages - {'action': 'msg', 'time': 1562568670.147048, 'to': '#all', 'from': 'Simper', 'message': 'Начните печатать здесь..uio'} 
2019-07-08 11:51:13,581 - DEBUG - server: read_messages - Клиент 2344 ('127.0.0.1', 50725) отключился до передачи сообщения по таймауту  
2019-07-08 11:52:12,266 - INFO - server: start_server - Получен запрос на соединение от 127.0.0.1:50738 
2019-07-08 11:52:12,268 - INFO - server: start_server - Принято сообщение от клиента: {'action': 'presence', 'time': 1562568732.2669044, 'user': {'account_name': 'Simper', 'account_password': '123'}} 
2019-07-08 11:52:12,270 - DEBUG - server: check_correct_presence_and_response - Запуск ф-ии проверки корректности запроса 
2019-07-08 11:52:12,376 - DEBUG - server: check_correct_presence_and_response - Проверка пароля успешна, ответ: response: 200 
2019-07-08 11:52:12,378 - DEBUG - decorators: deco_log_call - Mon Jul  8 11:52:12 2019 Вызван декоратор Log для check_correct_presence_and_response с параметрами (<__main__.Server object at 0x047661D0>, {'action': 'presence', 'time': 1562568732.2669044, 'user': {'account_name': 'Simper', 'account_password': '123'}}) из функции self._bootstrap_inner() 
2019-07-08 11:52:12,378 - INFO - server: start_server - Приветствуем пользователя Simper! 
2019-07-08 11:52:12,380 - INFO - server: start_server - Отправка ответа клиенту: {'response': 200} 
2019-07-08 11:52:12,384 - DEBUG - server: read_messages - {'action': 'get_contacts', 'time': 1562568732.3828678, 'user_login': 'Simper'} 
2019-07-08 11:52:12,386 - DEBUG - server: write_messages - Запрос списка контактов из БД 
2019-07-08 11:52:15,720 - DEBUG - server: read_messages - {'action': 'msg', 'time': 1562568735.3219042, 'to': '#all', 'from': 'Simper', 'message': 'op'} 
2019-07-08 11:52:18,046 - DEBUG - server: read_messages - Клиент 2468 ('127.0.0.1', 50738) отключился до передачи сообщения по таймауту  
2019-07-08 11:52:33,453 - INFO - server: start_server - Получен запрос на соединение от 127.0.0.1:50745 
2019-07-08 11:52:33,468 - INFO - server: start_server - Принято сообщение от клиента: {'action': 'presence', 'time': 1562568753.4539654, 'user': {'account_name': 'Simper', 'account_password': '123'}} 
2019-07-08 11:52:33,471 - DEBUG - server: check_correct_presence_and_response - Запуск ф-ии проверки корректности запроса 
2019-07-08 11:52:33,539 - DEBUG - server: check_correct_presence_and_response - Проверка пароля успешна, ответ: response: 200 
2019-07-08 11:52:33,542 - DEBUG - decorators: deco_log_call - Mon Jul  8 11:52:33 2019 Вызван декоратор Log для check_correct_presence_and_response с параметрами (<__main__.Server object at 0x047661D0>, {'action': 'presence', 'time': 1562568753.4539654, 'user': {'account_name': 'Simper', 'account_password': '123'}}) из функции self._bootstrap_inner() 
2019-07-08 11:52:33,542 - INFO - server: start_server - Приветствуем пользователя Simper! 
2019-07-08 11:52:33,545 - INFO - server: start_server - Отправка ответа клиенту: {'response': 200} 
2019-07-08 11:52:33,549 - DEBUG - server: read_messages - {'action': 'get_contacts', 'time': 1562568753.5489345, 'user_login': 'Simper'} 
2019-07-08 11:52:33,552 - DEBUG - server: write_messages - Запрос списка контактов из БД 
2019-07-08 11:52:35,876 - DEBUG - server: read_messages - {'action': 'msg', 'time': 1562568755.7752054, 'to': '#all', 'from': 'Simper', 'message': 'Начните печатать здесь..o'} 
2019-07-08 11:52:38,302 - DEBUG - server: read_messages - Клиент 2428 ('127.0.0.1', 50745) отключился до передачи сообщения по таймауту  
2019-07-08 11:52:48,454 - INFO - server: start_server - Получен запрос на соединение от 127.0.0.1:50747 
2019-07-08 11:52:48,458 - INFO - server: start_server - Принято сообщение от клиента: {'action': 'presence', 'time': 1562568768.4540524, 'user': {'account_name': 'Simper', 'account_password': '123'}} 
2019-07-08 11:52:48,460 - DEBUG - server: check_correct_presence_and_response - Запуск ф-ии проверки корректности запроса 
2019-07-08 11:52:48,517 - DEBUG - server: check_correct_presence_and_response - Проверка пароля успешна, ответ: response: 200 
2019-07-08 11:52:48,521 - DEBUG - decorators: deco_log_call - Mon Jul  8 11:52:48 2019 Вызван декоратор Log для check_correct_presence_and_response с параметрами (<__main__.Server object at 0x047661D0>, {'action': 'presence', 'time': 1562568768.4540524, 'user': {'account_name': 'Simper', 'account_password': '123'}}) из функции self._bootstrap_inner() 
2019-07-08 11:52:48,521 - INFO - server: start_server - Приветствуем пользователя Simper! 
2019-07-08 11:52:48,525 - INFO - server: start_server - Отправка ответа клиенту: {'response': 200} 
2019-07-08 11:52:48,531 - DEBUG - server: read_messages - {'action': 'get_contacts', 'time': 1562568768.5300279, 'user_login': 'Simper'} 
2019-07-08 11:52:48,535 - DEBUG - server: write_messages - Запрос списка контактов из БД 
2019-07-08 11:52:50,355 - DEBUG - server: read_messages - {'action': 'msg', 'time': 1562568770.1664927, 'to': '#all', 'from': 'Simper', 'message': 'Начните печатать здесь..op'} 
2019-07-08 11:52:52,479 - DEBUG - server: read_messages - Клиент 2532 ('127.0.0.1', 50747) отключился до передачи сообщения по таймауту  
2019-07-08 11:53:03,587 - INFO - server: start_server - Получен запрос на соединение от 127.0.0.1:50750 
2019-07-08 11:53:03,591 - INFO - server: start_server - Принято сообщение от клиента: {'action': 'presence', 'time': 1562568783.5870967, 'user': {'account_name': 'Simper', 'account_password': '123'}} 
2019-07-08 11:53:03,595 - DEBUG - server: check_correct_presence_and_response - Запуск ф-ии проверки корректности запроса 
2019-07-08 11:53:03,650 - DEBUG - server: check_correct_presence_and_response - Проверка пароля успешна, ответ: response: 200 
2019-07-08 11:53:03,654 - DEBUG - decorators: deco_log_call - Mon Jul  8 11:53:03 2019 Вызван декоратор Log для check_correct_presence_and_response с параметрами (<__main__.Server object at 0x047661D0>, {'action': 'presence', 'time': 1562568783.5870967, 'user': {'account_name': 'Simper', 'account_password': '123'}}) из функции self._bootstrap_inner() 
2019-07-08 11:53:03,654 - INFO - server: start_server - Приветствуем пользователя Simper! 
2019-07-08 11:53:03,660 - INFO - server: start_server - Отправка ответа клиенту: {'response': 200} 
2019-07-08 11:53:03,665 - DEBUG - server: read_messages - {'action': 'get_contacts', 'time': 1562568783.6640737, 'user_login': 'Simper'} 
2019-07-08 11:53:03,669 - DEBUG - server: write_messages - Запрос списка контактов из БД 
2019-07-08 11:53:06,296 - DEBUG - server: read_messages - {'action': 'msg', 'time': 1562568786.278216, 'to': '#all', 'from': 'Simper', 'message': 'Начните печатать здесь..p'} 
2019-07-08 11:53:08,824 - DEBUG - server: read_messages - Клиент 2556 ('127.0.0.1', 50750) отключился до передачи сообщения по таймауту  
2019-07-08 11:54:44,447 - INFO - server: start_server - Получен запрос на соединение от 127.0.0.1:50754 
2019-07-08 11:54:44,451 - INFO - server: start_server - Принято сообщение от клиента: {'action': 'presence', 'time': 1562568884.4462135, 'user': {'account_name': 'Simper', 'account_password': '123'}} 
2019-07-08 11:54:44,457 - DEBUG - server: check_correct_presence_and_response - Запуск ф-ии проверки корректности запроса 
2019-07-08 11:54:44,513 - DEBUG - server: check_correct_presence_and_response - Проверка пароля успешна, ответ: response: 200 
2019-07-08 11:54:44,518 - DEBUG - decorators: deco_log_call - Mon Jul  8 11:54:44 2019 Вызван декоратор Log для check_correct_presence_and_response с параметрами (<__main__.Server object at 0x047661D0>, {'action': 'presence', 'time': 1562568884.4462135, 'user': {'account_name': 'Simper', 'account_password': '123'}}) из функции self._bootstrap_inner() 
2019-07-08 11:54:44,518 - INFO - server: start_server - Приветствуем пользователя Simper! 
2019-07-08 11:54:44,524 - INFO - server: start_server - Отправка ответа клиенту: {'response': 200} 
2019-07-08 11:54:44,530 - DEBUG - server: read_messages - {'action': 'get_contacts', 'time': 1562568884.5291786, 'user_login': 'Simper'} 
2019-07-08 11:54:44,536 - DEBUG - server: write_messages - Запрос списка контактов из БД 
2019-07-08 11:54:46,356 - DEBUG - server: read_messages - {'action': 'msg', 'time': 1562568886.1676397, 'to': '#all', 'from': 'Simper', 'message': 'Начните печатать здесь..o'} 
2019-07-08 11:54:48,986 - DEBUG - server: read_messages - Клиент 2444 ('127.0.0.1', 50754) отключился до передачи сообщения по таймауту  
2019-07-08 11:55:16,033 - INFO - server: start_server - Получен запрос на соединение от 127.0.0.1:50765 
2019-07-08 11:55:16,039 - INFO - server: start_server - Принято сообщение от клиента: {'action': 'presence', 'time': 1562568916.033039, 'user': {'account_name': 'Simper', 'account_password': '123'}} 
2019-07-08 11:55:16,044 - DEBUG - server: check_correct_presence_and_response - Запуск ф-ии проверки корректности запроса 
2019-07-08 11:55:16,103 - DEBUG - server: check_correct_presence_and_response - Проверка пароля успешна, ответ: response: 200 
2019-07-08 11:55:16,109 - DEBUG - decorators: deco_log_call - Mon Jul  8 11:55:16 2019 Вызван декоратор Log для check_correct_presence_and_response с параметрами (<__main__.Server object at 0x047661D0>, {'action': 'presence', 'time': 1562568916.033039, 'user': {'account_name': 'Simper', 'account_password': '123'}}) из функции self._bootstrap_inner() 
2019-07-08 11:55:16,109 - INFO - server: start_server - Приветствуем пользователя Simper! 
2019-07-08 11:55:16,115 - INFO - server: start_server - Отправка ответа клиенту: {'response': 200} 
2019-07-08 11:55:16,123 - DEBUG - server: read_messages - {'action': 'get_contacts', 'time': 1562568916.1220114, 'user_login': 'Simper'} 
2019-07-08 11:55:16,128 - DEBUG - server: write_messages - Запрос списка контактов из БД 
2019-07-08 11:55:18,250 - DEBUG - server: read_messages - {'action': 'msg', 'time': 1562568918.2103264, 'to': '#all', 'from': 'Simper', 'message': 'Начните печатать здесь..l'} 
2019-07-08 11:55:20,678 - DEBUG - server: read_messages - Клиент 2020 ('127.0.0.1', 50765) отключился до передачи сообщения по таймауту  
2019-07-08 11:56:11,796 - INFO - server: start_server - Получен запрос на соединение от 127.0.0.1:50768 
2019-07-08 11:56:11,808 - INFO - server: start_server - Принято сообщение от клиента: {'action': 'presence', 'time': 1562568971.8078558, 'user': {'account_name': 'Simper', 'account_password': '123'}} 
2019-07-08 11:56:11,814 - DEBUG - server: check_correct_presence_and_response - Запуск ф-ии проверки корректности запроса 
2019-07-08 11:56:11,874 - DEBUG - server: check_correct_presence_and_response - Проверка пароля успешна, ответ: response: 200 
2019-07-08 11:56:11,881 - DEBUG - decorators: deco_log_call - Mon Jul  8 11:56:11 2019 Вызван декоратор Log для check_correct_presence_and_response с параметрами (<__main__.Server object at 0x047661D0>, {'action': 'presence', 'time': 1562568971.8078558, 'user': {'account_name': 'Simper', 'account_password': '123'}}) из функции self._bootstrap_inner() 
2019-07-08 11:56:11,881 - INFO - server: start_server - Приветствуем пользователя Simper! 
2019-07-08 11:56:11,886 - INFO - server: start_server - Отправка ответа клиенту: {'response': 200} 
2019-07-08 11:56:11,895 - DEBUG - server: read_messages - {'action': 'get_contacts', 'time': 1562568971.894827, 'user_login': 'Simper'} 
2019-07-08 11:56:11,901 - DEBUG - server: write_messages - Запрос списка контактов из БД 
2019-07-08 11:56:15,235 - DEBUG - server: read_messages - {'action': 'msg', 'time': 1562568975.053791, 'to': '#all', 'from': 'Simper', 'message': 'Начните печатать здесь..p'} 
2019-07-08 11:56:17,865 - DEBUG - server: read_messages - Клиент 2776 ('127.0.0.1', 50768) отключился до передачи сообщения по таймауту  
2019-07-08 11:58:08,756 - INFO - server: start_server - Получен запрос на соединение от 127.0.0.1:50782 
2019-07-08 11:58:08,763 - INFO - server: start_server - Принято сообщение от клиента: {'action': 'presence', 'time': 1562569088.7567844, 'user': {'account_name': 'Simper', 'account_password': '123'}} 
2019-07-08 11:58:08,769 - DEBUG - server: check_correct_presence_and_response - Запуск ф-ии проверки корректности запроса 
2019-07-08 11:58:08,823 - DEBUG - server: check_correct_presence_and_response - Проверка пароля успешна, ответ: response: 200 
2019-07-08 11:58:08,831 - DEBUG - decorators: deco_log_call - Mon Jul  8 11:58:08 2019 Вызван декоратор Log для check_correct_presence_and_response с параметрами (<__main__.Server object at 0x047661D0>, {'action': 'presence', 'time': 1562569088.7567844, 'user': {'account_name': 'Simper', 'account_password': '123'}}) из функции self._bootstrap_inner() 
2019-07-08 11:58:08,831 - INFO - server: start_server - Приветствуем пользователя Simper! 
2019-07-08 11:58:08,837 - INFO - server: start_server - Отправка ответа клиенту: {'response': 200} 
2019-07-08 11:58:08,845 - DEBUG - server: read_messages - {'action': 'get_contacts', 'time': 1562569088.8447554, 'user_login': 'Simper'} 
2019-07-08 11:58:08,851 - DEBUG - server: write_messages - Запрос списка контактов из БД 
2019-07-08 11:58:12,185 - DEBUG - server: read_messages - {'action': 'msg', 'time': 1562569092.078697, 'to': '#all', 'from': 'Simper', 'message': 'Начните печатать здесь..['} 
2019-07-08 11:58:14,514 - DEBUG - server: read_messages - Клиент 2692 ('127.0.0.1', 50782) отключился до передачи сообщения по таймауту  
2019-07-08 11:58:30,919 - INFO - server: start_server - Получен запрос на соединение от 127.0.0.1:50790 
2019-07-08 11:58:30,926 - INFO - server: start_server - Принято сообщение от клиента: {'action': 'presence', 'time': 1562569110.9195912, 'user': {'account_name': 'Simper', 'account_password': '123'}} 
2019-07-08 11:58:30,933 - DEBUG - server: check_correct_presence_and_response - Запуск ф-ии проверки корректности запроса 
2019-07-08 11:58:30,986 - DEBUG - server: check_correct_presence_and_response - Проверка пароля успешна, ответ: response: 200 
2019-07-08 11:58:30,993 - DEBUG - decorators: deco_log_call - Mon Jul  8 11:58:30 2019 Вызван декоратор Log для check_correct_presence_and_response с параметрами (<__main__.Server object at 0x047661D0>, {'action': 'presence', 'time': 1562569110.9195912, 'user': {'account_name': 'Simper', 'account_password': '123'}}) из функции self._bootstrap_inner() 
2019-07-08 11:58:30,993 - INFO - server: start_server - Приветствуем пользователя Simper! 
2019-07-08 11:58:31,000 - INFO - server: start_server - Отправка ответа клиенту: {'response': 200} 
2019-07-08 11:58:31,009 - DEBUG - server: read_messages - {'action': 'get_contacts', 'time': 1562569111.0085616, 'user_login': 'Simper'} 
2019-07-08 11:58:31,016 - DEBUG - server: write_messages - Запрос списка контактов из БД 
2019-07-08 12:02:32,124 - DEBUG - server: read_messages - Клиент 2864 ('127.0.0.1', 50790) отключился до передачи сообщения по таймауту  
2019-07-08 12:02:36,223 - INFO - server: start_server - Получен запрос на соединение от 127.0.0.1:50808 
2019-07-08 12:02:36,235 - INFO - server: start_server - Принято сообщение от клиента: {'action': 'presence', 'time': 1562569356.2347584, 'user': {'account_name': 'Simper', 'account_password': '123'}} 
2019-07-08 12:02:36,243 - DEBUG - server: check_correct_presence_and_response - Запуск ф-ии проверки корректности запроса 
2019-07-08 12:02:36,306 - DEBUG - server: check_correct_presence_and_response - Проверка пароля успешна, ответ: response: 200 
2019-07-08 12:02:36,314 - DEBUG - decorators: deco_log_call - Mon Jul  8 12:02:36 2019 Вызван декоратор Log для check_correct_presence_and_response с параметрами (<__main__.Server object at 0x047661D0>, {'action': 'presence', 'time': 1562569356.2347584, 'user': {'account_name': 'Simper', 'account_password': '123'}}) из функции self._bootstrap_inner() 
2019-07-08 12:02:36,314 - INFO - server: start_server - Приветствуем пользователя Simper! 
2019-07-08 12:02:36,322 - INFO - server: start_server - Отправка ответа клиенту: {'response': 200} 
2019-07-08 12:02:36,331 - DEBUG - server: read_messages - {'action': 'get_contacts', 'time': 1562569356.3307269, 'user_login': 'Simper'} 
2019-07-08 12:02:36,339 - DEBUG - server: write_messages - Запрос списка контактов из БД 
2019-07-08 12:02:38,158 - DEBUG - server: read_messages - {'action': 'msg', 'time': 1562569358.0011804, 'to': '#all', 'from': 'Simper', 'message': 'Начните печатать здесь..o'} 
2019-07-08 12:02:40,791 - DEBUG - server: read_messages - Клиент 2720 ('127.0.0.1', 50808) отключился до передачи сообщения по таймауту  
2019-07-08 12:03:50,462 - INFO - server: start_server - Получен запрос на соединение от 127.0.0.1:50843 
2019-07-08 12:03:50,473 - INFO - server: start_server - Принято сообщение от клиента: {'action': 'presence', 'time': 1562569430.4730015, 'user': {'account_name': 'Simper', 'account_password': '123'}} 
2019-07-08 12:03:50,481 - DEBUG - server: check_correct_presence_and_response - Запуск ф-ии проверки корректности запроса 
2019-07-08 12:03:50,541 - DEBUG - server: check_correct_presence_and_response - Проверка пароля успешна, ответ: response: 200 
2019-07-08 12:03:50,550 - DEBUG - decorators: deco_log_call - Mon Jul  8 12:03:50 2019 Вызван декоратор Log для check_correct_presence_and_response с параметрами (<__main__.Server object at 0x047661D0>, {'action': 'presence', 'time': 1562569430.4730015, 'user': {'account_name': 'Simper', 'account_password': '123'}}) из функции self._bootstrap_inner() 
2019-07-08 12:03:50,550 - INFO - server: start_server - Приветствуем пользователя Simper! 
2019-07-08 12:03:50,559 - INFO - server: start_server - Отправка ответа клиенту: {'response': 200} 
2019-07-08 12:03:50,569 - DEBUG - server: read_messages - {'action': 'get_contacts', 'time': 1562569430.5689692, 'user_login': 'Simper'} 
2019-07-08 12:03:50,578 - DEBUG - server: write_messages - Запрос списка контактов из БД 
2019-07-08 12:03:55,932 - DEBUG - server: read_messages - {'action': 'msg', 'time': 1562569435.8652346, 'to': '#all', 'from': 'Simper', 'message': 'u'} 
2019-07-08 12:03:58,162 - DEBUG - server: read_messages - Клиент 2696 ('127.0.0.1', 50843) отключился до передачи сообщения по таймауту  
2019-07-08 12:05:49,414 - INFO - server: start_server - Получен запрос на соединение от 127.0.0.1:50876 
2019-07-08 12:05:49,426 - INFO - server: start_server - Принято сообщение от клиента: {'action': 'presence', 'time': 1562569549.4254262, 'user': {'account_name': 'Simper', 'account_password': '123'}} 
2019-07-08 12:05:49,435 - DEBUG - server: check_correct_presence_and_response - Запуск ф-ии проверки корректности запроса 
2019-07-08 12:05:49,503 - DEBUG - server: check_correct_presence_and_response - Проверка пароля успешна, ответ: response: 200 
2019-07-08 12:05:49,512 - DEBUG - decorators: deco_log_call - Mon Jul  8 12:05:49 2019 Вызван декоратор Log для check_correct_presence_and_response с параметрами (<__main__.Server object at 0x047661D0>, {'action': 'presence', 'time': 1562569549.4254262, 'user': {'account_name': 'Simper', 'account_password': '123'}}) из функции self._bootstrap_inner() 
2019-07-08 12:05:49,513 - INFO - server: start_server - Приветствуем пользователя Simper! 
2019-07-08 12:05:49,521 - INFO - server: start_server - Отправка ответа клиенту: {'response': 200} 
2019-07-08 12:05:49,532 - DEBUG - server: read_messages - {'action': 'get_contacts', 'time': 1562569549.5303931, 'user_login': 'Simper'} 
2019-07-08 12:05:49,540 - DEBUG - server: write_messages - Запрос списка контактов из БД 
2019-07-08 12:05:54,286 - DEBUG - server: read_messages - {'action': 'msg', 'time': 1562569554.0489624, 'to': '#all', 'from': 'Simper', 'message': 'Начните печатать здесь..3'} 
2019-07-08 12:05:56,922 - DEBUG - server: read_messages - Клиент 2984 ('127.0.0.1', 50876) отключился до передачи сообщения по таймауту  
2019-07-08 12:06:06,626 - INFO - server: start_server - Сервер завершил работу 
2019-07-08 15:38:54,716 - INFO - server: start_server - Запуск сервера! Готов к приему клиентов! 
 
2019-07-08 15:39:04,236 - INFO - server: start_server - Получен запрос на соединение от 127.0.0.1:51784 
2019-07-08 15:39:04,351 - INFO - server: start_server - Принято сообщение от клиента: {'action': 'presence', 'time': 1562582344.2464194, 'user': {'account_name': 'Simper', 'account_password': '123'}} 
2019-07-08 15:39:04,353 - DEBUG - server: check_correct_presence_and_response - Запуск ф-ии проверки корректности запроса 
2019-07-08 15:39:04,434 - DEBUG - server: check_correct_presence_and_response - Проверка пароля успешна, ответ: response: 200 
2019-07-08 15:39:04,440 - DEBUG - decorators: deco_log_call - Mon Jul  8 15:39:04 2019 Вызван декоратор Log для check_correct_presence_and_response с параметрами (<__main__.Server object at 0x03557510>, {'action': 'presence', 'time': 1562582344.2464194, 'user': {'account_name': 'Simper', 'account_password': '123'}}) из функции self._bootstrap_inner() 
2019-07-08 15:39:04,440 - INFO - server: start_server - Приветствуем пользователя Simper! 
2019-07-08 15:39:04,441 - INFO - server: start_server - Отправка ответа клиенту: {'response': 200} 
2019-07-08 15:39:04,993 - DEBUG - server: read_messages - {'action': 'get_contacts', 'time': 1562582344.9451895, 'user_login': 'Simper'} 
2019-07-08 15:39:04,994 - DEBUG - server: write_messages - Запрос списка контактов из БД 
2019-07-08 15:39:11,252 - DEBUG - server: read_messages - {'action': 'msg', 'time': 1562582351.013532, 'to': '#all', 'from': 'Simper', 'message': 'Начните печатать здесь..23'} 
2019-07-08 15:51:59,806 - INFO - server: start_server - Запуск сервера! Готов к приему клиентов! 
 
2019-07-08 15:52:07,042 - INFO - server: start_server - Получен запрос на соединение от 127.0.0.1:51953 
2019-07-08 15:52:07,148 - INFO - server: start_server - Принято сообщение от клиента: {'action': 'presence', 'time': 1562583127.0425303, 'user': {'account_name': 'Simper', 'account_password': '123'}} 
2019-07-08 15:52:07,149 - DEBUG - server: check_correct_presence_and_response - Запуск ф-ии проверки корректности запроса 
2019-07-08 15:52:07,298 - DEBUG - server: check_correct_presence_and_response - Проверка пароля успешна, ответ: response: 200 
2019-07-08 15:52:07,300 - DEBUG - decorators: deco_log_call - Mon Jul  8 15:52:07 2019 Вызван декоратор Log для check_correct_presence_and_response с параметрами (<__main__.Server object at 0x048F6270>, {'action': 'presence', 'time': 1562583127.0425303, 'user': {'account_name': 'Simper', 'account_password': '123'}}) из функции self._bootstrap_inner() 
2019-07-08 15:52:07,300 - INFO - server: start_server - Приветствуем пользователя Simper! 
2019-07-08 15:52:07,300 - INFO - server: start_server - Отправка ответа клиенту: {'response': 200} 
2019-07-08 15:52:07,851 - DEBUG - server: read_messages - {'action': 'get_contacts', 'time': 1562583127.8042822, 'user_login': 'Simper'} 
2019-07-08 15:52:07,852 - DEBUG - server: write_messages - Запрос списка контактов из БД 
2019-07-08 15:52:15,124 - DEBUG - server: read_messages - {'action': 'msg', 'time': 1562583135.0279138, 'to': '#all', 'from': 'Simper', 'message': '3'} 
2019-07-08 15:52:23,607 - DEBUG - server: read_messages - {'action': 'msg', 'time': 1562583143.5471232, 'to': 'Freeman', 'from': 'Simper', 'message': '6'} 
2019-07-08 15:52:23,608 - WARNING - server: write_messages - {'action': 'msg', 'time': 1562583143.5471232, 'to': 'Simper', 'from': 'server', 'message': '<:SERVER:> Клиент Freeman не подключен. Отправка сообщения не возможна!'} 
2019-07-08 15:52:30,676 - DEBUG - server: read_messages - {'action': 'msg', 'time': 1562583150.5918167, 'to': '#all', 'from': 'Simper', 'message': '6'} 
2019-07-08 15:52:40,369 - DEBUG - server: read_messages - {'action': 'msg', 'time': 1562583160.278698, 'to': 'server', 'from': 'Simper', 'message': '!who'} 
2019-07-08 15:52:40,370 - DEBUG - server: write_messages - Пользователем server запрошен список пользователей онлайн:
 <:SERVER:> Список клиентов в онлайн: ['Simper'] 
2019-07-08 15:52:57,939 - DEBUG - server: read_messages - {'action': 'exit', 'time': 1562583177.9289763, 'user_login': 'Simper'} 
2019-07-08 15:52:58,042 - DEBUG - server: read_messages - Клиент 1580 ('127.0.0.1', 51953) отключился до передачи сообщения по таймауту  
2019-07-08 15:53:54,596 - INFO - server: start_server - Сервер завершил работу 
